The system is: Linux - 3.11.2-geek - i686
Compiling the C compiler identification source file "CMakeCCompilerId.c" succeeded.
Compiler: /usr/bin/cc 
Build flags: 
Id flags: 

The output was:
0


Compilation of the C compiler identification source "CMakeCCompilerId.c" produced "a.out"

The C compiler identification is GNU, found in "/home/a1ba/projects/ponycountdownplasma/build/CMakeFiles/2.8.12.1/CompilerIdC/a.out"

Compiling the CXX compiler identification source file "CMakeCXXCompilerId.cpp" succeeded.
Compiler: /usr/bin/c++ 
Build flags: 
Id flags: 

The output was:
0


Compilation of the CXX compiler identification source "CMakeCXXCompilerId.cpp" produced "a.out"

The CXX compiler identification is GNU, found in "/home/a1ba/projects/ponycountdownplasma/build/CMakeFiles/2.8.12.1/CompilerIdCXX/a.out"

Determining if the C compiler works passed with the following output:
Change Dir: /home/a1ba/projects/ponycountdownplasma/build/CMakeFiles/CMakeTmp

Run Build Command:/usr/bin/gmake "cmTryCompileExec791565168/fast"
/usr/bin/gmake -f CMakeFiles/cmTryCompileExec791565168.dir/build.make CMakeFiles/cmTryCompileExec791565168.dir/build
gmake[1]: Entering directory '/home/a1ba/projects/ponycountdownplasma/build/CMakeFiles/CMakeTmp'
/usr/bin/cmake -E cmake_progress_report /home/a1ba/projects/ponycountdownplasma/build/CMakeFiles/CMakeTmp/CMakeFiles 1
Building C object CMakeFiles/cmTryCompileExec791565168.dir/testCCompiler.c.o
/usr/bin/cc    -o CMakeFiles/cmTryCompileExec791565168.dir/testCCompiler.c.o   -c /home/a1ba/projects/ponycountdownplasma/build/CMakeFiles/CMakeTmp/testCCompiler.c
Linking C executable cmTryCompileExec791565168
/usr/bin/cmake -E cmake_link_script CMakeFiles/cmTryCompileExec791565168.dir/link.txt --verbose=1
/usr/bin/cc       CMakeFiles/cmTryCompileExec791565168.dir/testCCompiler.c.o  -o cmTryCompileExec791565168 -rdynamic 
gmake[1]: Leaving directory '/home/a1ba/projects/ponycountdownplasma/build/CMakeFiles/CMakeTmp'


Detecting C compiler ABI info compiled with the following output:
Change Dir: /home/a1ba/projects/ponycountdownplasma/build/CMakeFiles/CMakeTmp

Run Build Command:/usr/bin/gmake "cmTryCompileExec1640471726/fast"
/usr/bin/gmake -f CMakeFiles/cmTryCompileExec1640471726.dir/build.make CMakeFiles/cmTryCompileExec1640471726.dir/build
gmake[1]: Entering directory '/home/a1ba/projects/ponycountdownplasma/build/CMakeFiles/CMakeTmp'
/usr/bin/cmake -E cmake_progress_report /home/a1ba/projects/ponycountdownplasma/build/CMakeFiles/CMakeTmp/CMakeFiles 1
Building C object CMakeFiles/cmTryCompileExec1640471726.dir/CMakeCCompilerABI.c.o
/usr/bin/cc    -o CMakeFiles/cmTryCompileExec1640471726.dir/CMakeCCompilerABI.c.o   -c /usr/share/cmake/Modules/CMakeCCompilerABI.c
Linking C executable cmTryCompileExec1640471726
/usr/bin/cmake -E cmake_link_script CMakeFiles/cmTryCompileExec1640471726.dir/link.txt --verbose=1
/usr/bin/cc     -v CMakeFiles/cmTryCompileExec1640471726.dir/CMakeCCompilerABI.c.o  -o cmTryCompileExec1640471726 -rdynamic  
Using built-in specs.
COLLECT_GCC=/usr/i686-pc-linux-gnu/gcc-bin/4.8.2/gcc
COLLECT_LTO_WRAPPER=/usr/libexec/gcc/i686-pc-linux-gnu/4.8.2/lto-wrapper
Target: i686-pc-linux-gnu
Configured with: /var/tmp/portage/sys-devel/gcc-4.8.2/work/gcc-4.8.2/configure --prefix=/usr --bindir=/usr/i686-pc-linux-gnu/gcc-bin/4.8.2 --includedir=/usr/lib/gcc/i686-pc-linux-gnu/4.8.2/include --datadir=/usr/share/gcc-data/i686-pc-linux-gnu/4.8.2 --mandir=/usr/share/gcc-data/i686-pc-linux-gnu/4.8.2/man --infodir=/usr/share/gcc-data/i686-pc-linux-gnu/4.8.2/info --with-gxx-include-dir=/usr/lib/gcc/i686-pc-linux-gnu/4.8.2/include/g++-v4 --host=i686-pc-linux-gnu --build=i686-pc-linux-gnu --disable-altivec --disable-fixed-point --without-cloog --disable-lto --enable-nls --without-included-gettext --with-system-zlib --enable-obsolete --disable-werror --enable-secureplt --disable-multilib --enable-libmudflap --disable-libssp --enable-libgomp --with-python-dir=/share/gcc-data/i686-pc-linux-gnu/4.8.2/python --enable-checking=release --disable-libgcj --enable-libstdcxx-time --with-arch=i686 --enable-languages=c,c++,fortran --enable-shared --enable-threads=posix --enable-__cxa_atexit --enable-clocale=gnu --enable-targets=all --with-bugurl=http://bugs.gentoo.org/ --with-pkgversion='Gentoo 4.8.2 p1.0, pie-0.5.8'
Thread model: posix
gcc version 4.8.2 (Gentoo 4.8.2 p1.0, pie-0.5.8) 
COMPILER_PATH=/usr/libexec/gcc/i686-pc-linux-gnu/4.8.2/:/usr/libexec/gcc/i686-pc-linux-gnu/4.8.2/:/usr/libexec/gcc/i686-pc-linux-gnu/:/usr/lib/gcc/i686-pc-linux-gnu/4.8.2/:/usr/lib/gcc/i686-pc-linux-gnu/:/usr/lib/gcc/i686-pc-linux-gnu/4.8.2/../../../../i686-pc-linux-gnu/bin/
LIBRARY_PATH=/usr/lib/gcc/i686-pc-linux-gnu/4.8.2/:/usr/lib/gcc/i686-pc-linux-gnu/4.8.2/../../../../i686-pc-linux-gnu/lib/../lib/:/usr/lib/gcc/i686-pc-linux-gnu/4.8.2/../../../../lib/:/lib/../lib/:/usr/lib/../lib/:/usr/lib/gcc/i686-pc-linux-gnu/4.8.2/../../../../i686-pc-linux-gnu/lib/:/usr/lib/gcc/i686-pc-linux-gnu/4.8.2/../../../:/lib/:/usr/lib/
COLLECT_GCC_OPTIONS='-v' '-o' 'cmTryCompileExec1640471726' '-rdynamic' '-mtune=generic' '-march=i686'
 /usr/libexec/gcc/i686-pc-linux-gnu/4.8.2/collect2 --eh-frame-hdr -m elf_i386 -export-dynamic -dynamic-linker /lib/ld-linux.so.2 -o cmTryCompileExec1640471726 /usr/lib/gcc/i686-pc-linux-gnu/4.8.2/../../../../lib/crt1.o /usr/lib/gcc/i686-pc-linux-gnu/4.8.2/../../../../lib/crti.o /usr/lib/gcc/i686-pc-linux-gnu/4.8.2/crtbegin.o -L/usr/lib/gcc/i686-pc-linux-gnu/4.8.2 -L/usr/lib/gcc/i686-pc-linux-gnu/4.8.2/../../../../i686-pc-linux-gnu/lib/../lib -L/usr/lib/gcc/i686-pc-linux-gnu/4.8.2/../../../../lib -L/lib/../lib -L/usr/lib/../lib -L/usr/lib/gcc/i686-pc-linux-gnu/4.8.2/../../../../i686-pc-linux-gnu/lib -L/usr/lib/gcc/i686-pc-linux-gnu/4.8.2/../../.. CMakeFiles/cmTryCompileExec1640471726.dir/CMakeCCompilerABI.c.o -lgcc --as-needed -lgcc_s --no-as-needed -lc -lgcc --as-needed -lgcc_s --no-as-needed /usr/lib/gcc/i686-pc-linux-gnu/4.8.2/crtend.o /usr/lib/gcc/i686-pc-linux-gnu/4.8.2/../../../../lib/crtn.o
gmake[1]: Leaving directory '/home/a1ba/projects/ponycountdownplasma/build/CMakeFiles/CMakeTmp'


Parsed C implicit link information from above output:
  link line regex: [^( *|.*[/\])(ld|([^/\]+-)?ld|collect2)[^/\]*( |$)]
  ignore line: [Change Dir: /home/a1ba/projects/ponycountdownplasma/build/CMakeFiles/CMakeTmp]
  ignore line: []
  ignore line: [Run Build Command:/usr/bin/gmake "cmTryCompileExec1640471726/fast"]
  ignore line: [/usr/bin/gmake -f CMakeFiles/cmTryCompileExec1640471726.dir/build.make CMakeFiles/cmTryCompileExec1640471726.dir/build]
  ignore line: [gmake[1]: Entering directory '/home/a1ba/projects/ponycountdownplasma/build/CMakeFiles/CMakeTmp']
  ignore line: [/usr/bin/cmake -E cmake_progress_report /home/a1ba/projects/ponycountdownplasma/build/CMakeFiles/CMakeTmp/CMakeFiles 1]
  ignore line: [Building C object CMakeFiles/cmTryCompileExec1640471726.dir/CMakeCCompilerABI.c.o]
  ignore line: [/usr/bin/cc    -o CMakeFiles/cmTryCompileExec1640471726.dir/CMakeCCompilerABI.c.o   -c /usr/share/cmake/Modules/CMakeCCompilerABI.c]
  ignore line: [Linking C executable cmTryCompileExec1640471726]
  ignore line: [/usr/bin/cmake -E cmake_link_script CMakeFiles/cmTryCompileExec1640471726.dir/link.txt --verbose=1]
  ignore line: [/usr/bin/cc     -v CMakeFiles/cmTryCompileExec1640471726.dir/CMakeCCompilerABI.c.o  -o cmTryCompileExec1640471726 -rdynamic  ]
  ignore line: [Using built-in specs.]
  ignore line: [COLLECT_GCC=/usr/i686-pc-linux-gnu/gcc-bin/4.8.2/gcc]
  ignore line: [COLLECT_LTO_WRAPPER=/usr/libexec/gcc/i686-pc-linux-gnu/4.8.2/lto-wrapper]
  ignore line: [Target: i686-pc-linux-gnu]
  ignore line: [Configured with: /var/tmp/portage/sys-devel/gcc-4.8.2/work/gcc-4.8.2/configure --prefix=/usr --bindir=/usr/i686-pc-linux-gnu/gcc-bin/4.8.2 --includedir=/usr/lib/gcc/i686-pc-linux-gnu/4.8.2/include --datadir=/usr/share/gcc-data/i686-pc-linux-gnu/4.8.2 --mandir=/usr/share/gcc-data/i686-pc-linux-gnu/4.8.2/man --infodir=/usr/share/gcc-data/i686-pc-linux-gnu/4.8.2/info --with-gxx-include-dir=/usr/lib/gcc/i686-pc-linux-gnu/4.8.2/include/g++-v4 --host=i686-pc-linux-gnu --build=i686-pc-linux-gnu --disable-altivec --disable-fixed-point --without-cloog --disable-lto --enable-nls --without-included-gettext --with-system-zlib --enable-obsolete --disable-werror --enable-secureplt --disable-multilib --enable-libmudflap --disable-libssp --enable-libgomp --with-python-dir=/share/gcc-data/i686-pc-linux-gnu/4.8.2/python --enable-checking=release --disable-libgcj --enable-libstdcxx-time --with-arch=i686 --enable-languages=c,c++,fortran --enable-shared --enable-threads=posix --enable-__cxa_atexit --enable-clocale=gnu --enable-targets=all --with-bugurl=http://bugs.gentoo.org/ --with-pkgversion='Gentoo 4.8.2 p1.0, pie-0.5.8']
  ignore line: [Thread model: posix]
  ignore line: [gcc version 4.8.2 (Gentoo 4.8.2 p1.0, pie-0.5.8) ]
  ignore line: [COMPILER_PATH=/usr/libexec/gcc/i686-pc-linux-gnu/4.8.2/:/usr/libexec/gcc/i686-pc-linux-gnu/4.8.2/:/usr/libexec/gcc/i686-pc-linux-gnu/:/usr/lib/gcc/i686-pc-linux-gnu/4.8.2/:/usr/lib/gcc/i686-pc-linux-gnu/:/usr/lib/gcc/i686-pc-linux-gnu/4.8.2/../../../../i686-pc-linux-gnu/bin/]
  ignore line: [LIBRARY_PATH=/usr/lib/gcc/i686-pc-linux-gnu/4.8.2/:/usr/lib/gcc/i686-pc-linux-gnu/4.8.2/../../../../i686-pc-linux-gnu/lib/../lib/:/usr/lib/gcc/i686-pc-linux-gnu/4.8.2/../../../../lib/:/lib/../lib/:/usr/lib/../lib/:/usr/lib/gcc/i686-pc-linux-gnu/4.8.2/../../../../i686-pc-linux-gnu/lib/:/usr/lib/gcc/i686-pc-linux-gnu/4.8.2/../../../:/lib/:/usr/lib/]
  ignore line: [COLLECT_GCC_OPTIONS='-v' '-o' 'cmTryCompileExec1640471726' '-rdynamic' '-mtune=generic' '-march=i686']
  link line: [ /usr/libexec/gcc/i686-pc-linux-gnu/4.8.2/collect2 --eh-frame-hdr -m elf_i386 -export-dynamic -dynamic-linker /lib/ld-linux.so.2 -o cmTryCompileExec1640471726 /usr/lib/gcc/i686-pc-linux-gnu/4.8.2/../../../../lib/crt1.o /usr/lib/gcc/i686-pc-linux-gnu/4.8.2/../../../../lib/crti.o /usr/lib/gcc/i686-pc-linux-gnu/4.8.2/crtbegin.o -L/usr/lib/gcc/i686-pc-linux-gnu/4.8.2 -L/usr/lib/gcc/i686-pc-linux-gnu/4.8.2/../../../../i686-pc-linux-gnu/lib/../lib -L/usr/lib/gcc/i686-pc-linux-gnu/4.8.2/../../../../lib -L/lib/../lib -L/usr/lib/../lib -L/usr/lib/gcc/i686-pc-linux-gnu/4.8.2/../../../../i686-pc-linux-gnu/lib -L/usr/lib/gcc/i686-pc-linux-gnu/4.8.2/../../.. CMakeFiles/cmTryCompileExec1640471726.dir/CMakeCCompilerABI.c.o -lgcc --as-needed -lgcc_s --no-as-needed -lc -lgcc --as-needed -lgcc_s --no-as-needed /usr/lib/gcc/i686-pc-linux-gnu/4.8.2/crtend.o /usr/lib/gcc/i686-pc-linux-gnu/4.8.2/../../../../lib/crtn.o]
    arg [/usr/libexec/gcc/i686-pc-linux-gnu/4.8.2/collect2] ==> ignore
    arg [--eh-frame-hdr] ==> ignore
    arg [-m] ==> ignore
    arg [elf_i386] ==> ignore
    arg [-export-dynamic] ==> ignore
    arg [-dynamic-linker] ==> ignore
    arg [/lib/ld-linux.so.2] ==> ignore
    arg [-o] ==> ignore
    arg [cmTryCompileExec1640471726] ==> ignore
    arg [/usr/lib/gcc/i686-pc-linux-gnu/4.8.2/../../../../lib/crt1.o] ==> ignore
    arg [/usr/lib/gcc/i686-pc-linux-gnu/4.8.2/../../../../lib/crti.o] ==> ignore
    arg [/usr/lib/gcc/i686-pc-linux-gnu/4.8.2/crtbegin.o] ==> ignore
    arg [-L/usr/lib/gcc/i686-pc-linux-gnu/4.8.2] ==> dir [/usr/lib/gcc/i686-pc-linux-gnu/4.8.2]
    arg [-L/usr/lib/gcc/i686-pc-linux-gnu/4.8.2/../../../../i686-pc-linux-gnu/lib/../lib] ==> dir [/usr/lib/gcc/i686-pc-linux-gnu/4.8.2/../../../../i686-pc-linux-gnu/lib/../lib]
    arg [-L/usr/lib/gcc/i686-pc-linux-gnu/4.8.2/../../../../lib] ==> dir [/usr/lib/gcc/i686-pc-linux-gnu/4.8.2/../../../../lib]
    arg [-L/lib/../lib] ==> dir [/lib/../lib]
    arg [-L/usr/lib/../lib] ==> dir [/usr/lib/../lib]
    arg [-L/usr/lib/gcc/i686-pc-linux-gnu/4.8.2/../../../../i686-pc-linux-gnu/lib] ==> dir [/usr/lib/gcc/i686-pc-linux-gnu/4.8.2/../../../../i686-pc-linux-gnu/lib]
    arg [-L/usr/lib/gcc/i686-pc-linux-gnu/4.8.2/../../..] ==> dir [/usr/lib/gcc/i686-pc-linux-gnu/4.8.2/../../..]
    arg [CMakeFiles/cmTryCompileExec1640471726.dir/CMakeCCompilerABI.c.o] ==> ignore
    arg [-lgcc] ==> lib [gcc]
    arg [--as-needed] ==> ignore
    arg [-lgcc_s] ==> lib [gcc_s]
    arg [--no-as-needed] ==> ignore
    arg [-lc] ==> lib [c]
    arg [-lgcc] ==> lib [gcc]
    arg [--as-needed] ==> ignore
    arg [-lgcc_s] ==> lib [gcc_s]
    arg [--no-as-needed] ==> ignore
    arg [/usr/lib/gcc/i686-pc-linux-gnu/4.8.2/crtend.o] ==> ignore
    arg [/usr/lib/gcc/i686-pc-linux-gnu/4.8.2/../../../../lib/crtn.o] ==> ignore
  remove lib [gcc]
  remove lib [gcc_s]
  remove lib [gcc]
  remove lib [gcc_s]
  collapse library dir [/usr/lib/gcc/i686-pc-linux-gnu/4.8.2] ==> [/usr/lib/gcc/i686-pc-linux-gnu/4.8.2]
  collapse library dir [/usr/lib/gcc/i686-pc-linux-gnu/4.8.2/../../../../i686-pc-linux-gnu/lib/../lib] ==> [/usr/i686-pc-linux-gnu/lib]
  collapse library dir [/usr/lib/gcc/i686-pc-linux-gnu/4.8.2/../../../../lib] ==> [/usr/lib]
  collapse library dir [/lib/../lib] ==> [/lib]
  collapse library dir [/usr/lib/../lib] ==> [/usr/lib]
  collapse library dir [/usr/lib/gcc/i686-pc-linux-gnu/4.8.2/../../../../i686-pc-linux-gnu/lib] ==> [/usr/i686-pc-linux-gnu/lib]
  collapse library dir [/usr/lib/gcc/i686-pc-linux-gnu/4.8.2/../../..] ==> [/usr/lib]
  implicit libs: [c]
  implicit dirs: [/usr/lib/gcc/i686-pc-linux-gnu/4.8.2;/usr/i686-pc-linux-gnu/lib;/usr/lib;/lib]
  implicit fwks: []


Determining if the CXX compiler works passed with the following output:
Change Dir: /home/a1ba/projects/ponycountdownplasma/build/CMakeFiles/CMakeTmp

Run Build Command:/usr/bin/gmake "cmTryCompileExec1942442650/fast"
/usr/bin/gmake -f CMakeFiles/cmTryCompileExec1942442650.dir/build.make CMakeFiles/cmTryCompileExec1942442650.dir/build
gmake[1]: Entering directory '/home/a1ba/projects/ponycountdownplasma/build/CMakeFiles/CMakeTmp'
/usr/bin/cmake -E cmake_progress_report /home/a1ba/projects/ponycountdownplasma/build/CMakeFiles/CMakeTmp/CMakeFiles 1
Building CXX object CMakeFiles/cmTryCompileExec1942442650.dir/testCXXCompiler.cxx.o
/usr/bin/c++     -o CMakeFiles/cmTryCompileExec1942442650.dir/testCXXCompiler.cxx.o -c /home/a1ba/projects/ponycountdownplasma/build/CMakeFiles/CMakeTmp/testCXXCompiler.cxx
Linking CXX executable cmTryCompileExec1942442650
/usr/bin/cmake -E cmake_link_script CMakeFiles/cmTryCompileExec1942442650.dir/link.txt --verbose=1
/usr/bin/c++        CMakeFiles/cmTryCompileExec1942442650.dir/testCXXCompiler.cxx.o  -o cmTryCompileExec1942442650 -rdynamic 
gmake[1]: Leaving directory '/home/a1ba/projects/ponycountdownplasma/build/CMakeFiles/CMakeTmp'


Detecting CXX compiler ABI info compiled with the following output:
Change Dir: /home/a1ba/projects/ponycountdownplasma/build/CMakeFiles/CMakeTmp

Run Build Command:/usr/bin/gmake "cmTryCompileExec4222155034/fast"
/usr/bin/gmake -f CMakeFiles/cmTryCompileExec4222155034.dir/build.make CMakeFiles/cmTryCompileExec4222155034.dir/build
gmake[1]: Entering directory '/home/a1ba/projects/ponycountdownplasma/build/CMakeFiles/CMakeTmp'
/usr/bin/cmake -E cmake_progress_report /home/a1ba/projects/ponycountdownplasma/build/CMakeFiles/CMakeTmp/CMakeFiles 1
Building CXX object CMakeFiles/cmTryCompileExec4222155034.dir/CMakeCXXCompilerABI.cpp.o
/usr/bin/c++     -o CMakeFiles/cmTryCompileExec4222155034.dir/CMakeCXXCompilerABI.cpp.o -c /usr/share/cmake/Modules/CMakeCXXCompilerABI.cpp
Linking CXX executable cmTryCompileExec4222155034
/usr/bin/cmake -E cmake_link_script CMakeFiles/cmTryCompileExec4222155034.dir/link.txt --verbose=1
/usr/bin/c++      -v CMakeFiles/cmTryCompileExec4222155034.dir/CMakeCXXCompilerABI.cpp.o  -o cmTryCompileExec4222155034 -rdynamic  
Using built-in specs.
COLLECT_GCC=/usr/i686-pc-linux-gnu/gcc-bin/4.8.2/c++
COLLECT_LTO_WRAPPER=/usr/libexec/gcc/i686-pc-linux-gnu/4.8.2/lto-wrapper
Target: i686-pc-linux-gnu
Configured with: /var/tmp/portage/sys-devel/gcc-4.8.2/work/gcc-4.8.2/configure --prefix=/usr --bindir=/usr/i686-pc-linux-gnu/gcc-bin/4.8.2 --includedir=/usr/lib/gcc/i686-pc-linux-gnu/4.8.2/include --datadir=/usr/share/gcc-data/i686-pc-linux-gnu/4.8.2 --mandir=/usr/share/gcc-data/i686-pc-linux-gnu/4.8.2/man --infodir=/usr/share/gcc-data/i686-pc-linux-gnu/4.8.2/info --with-gxx-include-dir=/usr/lib/gcc/i686-pc-linux-gnu/4.8.2/include/g++-v4 --host=i686-pc-linux-gnu --build=i686-pc-linux-gnu --disable-altivec --disable-fixed-point --without-cloog --disable-lto --enable-nls --without-included-gettext --with-system-zlib --enable-obsolete --disable-werror --enable-secureplt --disable-multilib --enable-libmudflap --disable-libssp --enable-libgomp --with-python-dir=/share/gcc-data/i686-pc-linux-gnu/4.8.2/python --enable-checking=release --disable-libgcj --enable-libstdcxx-time --with-arch=i686 --enable-languages=c,c++,fortran --enable-shared --enable-threads=posix --enable-__cxa_atexit --enable-clocale=gnu --enable-targets=all --with-bugurl=http://bugs.gentoo.org/ --with-pkgversion='Gentoo 4.8.2 p1.0, pie-0.5.8'
Thread model: posix
gcc version 4.8.2 (Gentoo 4.8.2 p1.0, pie-0.5.8) 
COMPILER_PATH=/usr/libexec/gcc/i686-pc-linux-gnu/4.8.2/:/usr/libexec/gcc/i686-pc-linux-gnu/4.8.2/:/usr/libexec/gcc/i686-pc-linux-gnu/:/usr/lib/gcc/i686-pc-linux-gnu/4.8.2/:/usr/lib/gcc/i686-pc-linux-gnu/:/usr/lib/gcc/i686-pc-linux-gnu/4.8.2/../../../../i686-pc-linux-gnu/bin/
LIBRARY_PATH=/usr/lib/gcc/i686-pc-linux-gnu/4.8.2/:/usr/lib/gcc/i686-pc-linux-gnu/4.8.2/../../../../i686-pc-linux-gnu/lib/../lib/:/usr/lib/gcc/i686-pc-linux-gnu/4.8.2/../../../../lib/:/lib/../lib/:/usr/lib/../lib/:/usr/lib/gcc/i686-pc-linux-gnu/4.8.2/../../../../i686-pc-linux-gnu/lib/:/usr/lib/gcc/i686-pc-linux-gnu/4.8.2/../../../:/lib/:/usr/lib/
COLLECT_GCC_OPTIONS='-v' '-o' 'cmTryCompileExec4222155034' '-rdynamic' '-shared-libgcc' '-mtune=generic' '-march=i686'
 /usr/libexec/gcc/i686-pc-linux-gnu/4.8.2/collect2 --eh-frame-hdr -m elf_i386 -export-dynamic -dynamic-linker /lib/ld-linux.so.2 -o cmTryCompileExec4222155034 /usr/lib/gcc/i686-pc-linux-gnu/4.8.2/../../../../lib/crt1.o /usr/lib/gcc/i686-pc-linux-gnu/4.8.2/../../../../lib/crti.o /usr/lib/gcc/i686-pc-linux-gnu/4.8.2/crtbegin.o -L/usr/lib/gcc/i686-pc-linux-gnu/4.8.2 -L/usr/lib/gcc/i686-pc-linux-gnu/4.8.2/../../../../i686-pc-linux-gnu/lib/../lib -L/usr/lib/gcc/i686-pc-linux-gnu/4.8.2/../../../../lib -L/lib/../lib -L/usr/lib/../lib -L/usr/lib/gcc/i686-pc-linux-gnu/4.8.2/../../../../i686-pc-linux-gnu/lib -L/usr/lib/gcc/i686-pc-linux-gnu/4.8.2/../../.. CMakeFiles/cmTryCompileExec4222155034.dir/CMakeCXXCompilerABI.cpp.o -lstdc++ -lm -lgcc_s -lgcc -lc -lgcc_s -lgcc /usr/lib/gcc/i686-pc-linux-gnu/4.8.2/crtend.o /usr/lib/gcc/i686-pc-linux-gnu/4.8.2/../../../../lib/crtn.o
gmake[1]: Leaving directory '/home/a1ba/projects/ponycountdownplasma/build/CMakeFiles/CMakeTmp'


Parsed CXX implicit link information from above output:
  link line regex: [^( *|.*[/\])(ld|([^/\]+-)?ld|collect2)[^/\]*( |$)]
  ignore line: [Change Dir: /home/a1ba/projects/ponycountdownplasma/build/CMakeFiles/CMakeTmp]
  ignore line: []
  ignore line: [Run Build Command:/usr/bin/gmake "cmTryCompileExec4222155034/fast"]
  ignore line: [/usr/bin/gmake -f CMakeFiles/cmTryCompileExec4222155034.dir/build.make CMakeFiles/cmTryCompileExec4222155034.dir/build]
  ignore line: [gmake[1]: Entering directory '/home/a1ba/projects/ponycountdownplasma/build/CMakeFiles/CMakeTmp']
  ignore line: [/usr/bin/cmake -E cmake_progress_report /home/a1ba/projects/ponycountdownplasma/build/CMakeFiles/CMakeTmp/CMakeFiles 1]
  ignore line: [Building CXX object CMakeFiles/cmTryCompileExec4222155034.dir/CMakeCXXCompilerABI.cpp.o]
  ignore line: [/usr/bin/c++     -o CMakeFiles/cmTryCompileExec4222155034.dir/CMakeCXXCompilerABI.cpp.o -c /usr/share/cmake/Modules/CMakeCXXCompilerABI.cpp]
  ignore line: [Linking CXX executable cmTryCompileExec4222155034]
  ignore line: [/usr/bin/cmake -E cmake_link_script CMakeFiles/cmTryCompileExec4222155034.dir/link.txt --verbose=1]
  ignore line: [/usr/bin/c++      -v CMakeFiles/cmTryCompileExec4222155034.dir/CMakeCXXCompilerABI.cpp.o  -o cmTryCompileExec4222155034 -rdynamic  ]
  ignore line: [Using built-in specs.]
  ignore line: [COLLECT_GCC=/usr/i686-pc-linux-gnu/gcc-bin/4.8.2/c++]
  ignore line: [COLLECT_LTO_WRAPPER=/usr/libexec/gcc/i686-pc-linux-gnu/4.8.2/lto-wrapper]
  ignore line: [Target: i686-pc-linux-gnu]
  ignore line: [Configured with: /var/tmp/portage/sys-devel/gcc-4.8.2/work/gcc-4.8.2/configure --prefix=/usr --bindir=/usr/i686-pc-linux-gnu/gcc-bin/4.8.2 --includedir=/usr/lib/gcc/i686-pc-linux-gnu/4.8.2/include --datadir=/usr/share/gcc-data/i686-pc-linux-gnu/4.8.2 --mandir=/usr/share/gcc-data/i686-pc-linux-gnu/4.8.2/man --infodir=/usr/share/gcc-data/i686-pc-linux-gnu/4.8.2/info --with-gxx-include-dir=/usr/lib/gcc/i686-pc-linux-gnu/4.8.2/include/g++-v4 --host=i686-pc-linux-gnu --build=i686-pc-linux-gnu --disable-altivec --disable-fixed-point --without-cloog --disable-lto --enable-nls --without-included-gettext --with-system-zlib --enable-obsolete --disable-werror --enable-secureplt --disable-multilib --enable-libmudflap --disable-libssp --enable-libgomp --with-python-dir=/share/gcc-data/i686-pc-linux-gnu/4.8.2/python --enable-checking=release --disable-libgcj --enable-libstdcxx-time --with-arch=i686 --enable-languages=c,c++,fortran --enable-shared --enable-threads=posix --enable-__cxa_atexit --enable-clocale=gnu --enable-targets=all --with-bugurl=http://bugs.gentoo.org/ --with-pkgversion='Gentoo 4.8.2 p1.0, pie-0.5.8']
  ignore line: [Thread model: posix]
  ignore line: [gcc version 4.8.2 (Gentoo 4.8.2 p1.0, pie-0.5.8) ]
  ignore line: [COMPILER_PATH=/usr/libexec/gcc/i686-pc-linux-gnu/4.8.2/:/usr/libexec/gcc/i686-pc-linux-gnu/4.8.2/:/usr/libexec/gcc/i686-pc-linux-gnu/:/usr/lib/gcc/i686-pc-linux-gnu/4.8.2/:/usr/lib/gcc/i686-pc-linux-gnu/:/usr/lib/gcc/i686-pc-linux-gnu/4.8.2/../../../../i686-pc-linux-gnu/bin/]
  ignore line: [LIBRARY_PATH=/usr/lib/gcc/i686-pc-linux-gnu/4.8.2/:/usr/lib/gcc/i686-pc-linux-gnu/4.8.2/../../../../i686-pc-linux-gnu/lib/../lib/:/usr/lib/gcc/i686-pc-linux-gnu/4.8.2/../../../../lib/:/lib/../lib/:/usr/lib/../lib/:/usr/lib/gcc/i686-pc-linux-gnu/4.8.2/../../../../i686-pc-linux-gnu/lib/:/usr/lib/gcc/i686-pc-linux-gnu/4.8.2/../../../:/lib/:/usr/lib/]
  ignore line: [COLLECT_GCC_OPTIONS='-v' '-o' 'cmTryCompileExec4222155034' '-rdynamic' '-shared-libgcc' '-mtune=generic' '-march=i686']
  link line: [ /usr/libexec/gcc/i686-pc-linux-gnu/4.8.2/collect2 --eh-frame-hdr -m elf_i386 -export-dynamic -dynamic-linker /lib/ld-linux.so.2 -o cmTryCompileExec4222155034 /usr/lib/gcc/i686-pc-linux-gnu/4.8.2/../../../../lib/crt1.o /usr/lib/gcc/i686-pc-linux-gnu/4.8.2/../../../../lib/crti.o /usr/lib/gcc/i686-pc-linux-gnu/4.8.2/crtbegin.o -L/usr/lib/gcc/i686-pc-linux-gnu/4.8.2 -L/usr/lib/gcc/i686-pc-linux-gnu/4.8.2/../../../../i686-pc-linux-gnu/lib/../lib -L/usr/lib/gcc/i686-pc-linux-gnu/4.8.2/../../../../lib -L/lib/../lib -L/usr/lib/../lib -L/usr/lib/gcc/i686-pc-linux-gnu/4.8.2/../../../../i686-pc-linux-gnu/lib -L/usr/lib/gcc/i686-pc-linux-gnu/4.8.2/../../.. CMakeFiles/cmTryCompileExec4222155034.dir/CMakeCXXCompilerABI.cpp.o -lstdc++ -lm -lgcc_s -lgcc -lc -lgcc_s -lgcc /usr/lib/gcc/i686-pc-linux-gnu/4.8.2/crtend.o /usr/lib/gcc/i686-pc-linux-gnu/4.8.2/../../../../lib/crtn.o]
    arg [/usr/libexec/gcc/i686-pc-linux-gnu/4.8.2/collect2] ==> ignore
    arg [--eh-frame-hdr] ==> ignore
    arg [-m] ==> ignore
    arg [elf_i386] ==> ignore
    arg [-export-dynamic] ==> ignore
    arg [-dynamic-linker] ==> ignore
    arg [/lib/ld-linux.so.2] ==> ignore
    arg [-o] ==> ignore
    arg [cmTryCompileExec4222155034] ==> ignore
    arg [/usr/lib/gcc/i686-pc-linux-gnu/4.8.2/../../../../lib/crt1.o] ==> ignore
    arg [/usr/lib/gcc/i686-pc-linux-gnu/4.8.2/../../../../lib/crti.o] ==> ignore
    arg [/usr/lib/gcc/i686-pc-linux-gnu/4.8.2/crtbegin.o] ==> ignore
    arg [-L/usr/lib/gcc/i686-pc-linux-gnu/4.8.2] ==> dir [/usr/lib/gcc/i686-pc-linux-gnu/4.8.2]
    arg [-L/usr/lib/gcc/i686-pc-linux-gnu/4.8.2/../../../../i686-pc-linux-gnu/lib/../lib] ==> dir [/usr/lib/gcc/i686-pc-linux-gnu/4.8.2/../../../../i686-pc-linux-gnu/lib/../lib]
    arg [-L/usr/lib/gcc/i686-pc-linux-gnu/4.8.2/../../../../lib] ==> dir [/usr/lib/gcc/i686-pc-linux-gnu/4.8.2/../../../../lib]
    arg [-L/lib/../lib] ==> dir [/lib/../lib]
    arg [-L/usr/lib/../lib] ==> dir [/usr/lib/../lib]
    arg [-L/usr/lib/gcc/i686-pc-linux-gnu/4.8.2/../../../../i686-pc-linux-gnu/lib] ==> dir [/usr/lib/gcc/i686-pc-linux-gnu/4.8.2/../../../../i686-pc-linux-gnu/lib]
    arg [-L/usr/lib/gcc/i686-pc-linux-gnu/4.8.2/../../..] ==> dir [/usr/lib/gcc/i686-pc-linux-gnu/4.8.2/../../..]
    arg [CMakeFiles/cmTryCompileExec4222155034.dir/CMakeCXXCompilerABI.cpp.o] ==> ignore
    arg [-lstdc++] ==> lib [stdc++]
    arg [-lm] ==> lib [m]
    arg [-lgcc_s] ==> lib [gcc_s]
    arg [-lgcc] ==> lib [gcc]
    arg [-lc] ==> lib [c]
    arg [-lgcc_s] ==> lib [gcc_s]
    arg [-lgcc] ==> lib [gcc]
    arg [/usr/lib/gcc/i686-pc-linux-gnu/4.8.2/crtend.o] ==> ignore
    arg [/usr/lib/gcc/i686-pc-linux-gnu/4.8.2/../../../../lib/crtn.o] ==> ignore
  remove lib [gcc_s]
  remove lib [gcc]
  remove lib [gcc_s]
  remove lib [gcc]
  collapse library dir [/usr/lib/gcc/i686-pc-linux-gnu/4.8.2] ==> [/usr/lib/gcc/i686-pc-linux-gnu/4.8.2]
  collapse library dir [/usr/lib/gcc/i686-pc-linux-gnu/4.8.2/../../../../i686-pc-linux-gnu/lib/../lib] ==> [/usr/i686-pc-linux-gnu/lib]
  collapse library dir [/usr/lib/gcc/i686-pc-linux-gnu/4.8.2/../../../../lib] ==> [/usr/lib]
  collapse library dir [/lib/../lib] ==> [/lib]
  collapse library dir [/usr/lib/../lib] ==> [/usr/lib]
  collapse library dir [/usr/lib/gcc/i686-pc-linux-gnu/4.8.2/../../../../i686-pc-linux-gnu/lib] ==> [/usr/i686-pc-linux-gnu/lib]
  collapse library dir [/usr/lib/gcc/i686-pc-linux-gnu/4.8.2/../../..] ==> [/usr/lib]
  implicit libs: [stdc++;m;c]
  implicit dirs: [/usr/lib/gcc/i686-pc-linux-gnu/4.8.2;/usr/i686-pc-linux-gnu/lib;/usr/lib;/lib]
  implicit fwks: []


Determining if the Q_WS_X11 exist passed with the following output:
Change Dir: /home/a1ba/projects/ponycountdownplasma/build/CMakeFiles/CMakeTmp

Run Build Command:/usr/bin/gmake "cmTryCompileExec2650214007/fast"
/usr/bin/gmake -f CMakeFiles/cmTryCompileExec2650214007.dir/build.make CMakeFiles/cmTryCompileExec2650214007.dir/build
gmake[1]: Entering directory '/home/a1ba/projects/ponycountdownplasma/build/CMakeFiles/CMakeTmp'
/usr/bin/cmake -E cmake_progress_report /home/a1ba/projects/ponycountdownplasma/build/CMakeFiles/CMakeTmp/CMakeFiles 1
Building C object CMakeFiles/cmTryCompileExec2650214007.dir/CheckSymbolExists.c.o
/usr/bin/cc   -I/usr/include/qt4    -o CMakeFiles/cmTryCompileExec2650214007.dir/CheckSymbolExists.c.o   -c /home/a1ba/projects/ponycountdownplasma/build/CMakeFiles/CMakeTmp/CheckSymbolExists.c
Linking C executable cmTryCompileExec2650214007
/usr/bin/cmake -E cmake_link_script CMakeFiles/cmTryCompileExec2650214007.dir/link.txt --verbose=1
/usr/bin/cc       CMakeFiles/cmTryCompileExec2650214007.dir/CheckSymbolExists.c.o  -o cmTryCompileExec2650214007 -rdynamic 
gmake[1]: Leaving directory '/home/a1ba/projects/ponycountdownplasma/build/CMakeFiles/CMakeTmp'

File /home/a1ba/projects/ponycountdownplasma/build/CMakeFiles/CMakeTmp/CheckSymbolExists.c:
/* */
#include <QtCore/qglobal.h>

int main(int argc, char** argv)
{
  (void)argv;
#ifndef Q_WS_X11
  return ((int*)(&Q_WS_X11))[argc];
#else
  (void)argc;
  return 0;
#endif
}

Determining if the function XOpenDisplay exists in the /usr/lib/libX11.so;/usr/lib/libXext.so;/usr/lib/libXft.so;/usr/lib/libXau.so;/usr/lib/libXdmcp.so;/usr/lib/libXpm.so passed with the following output:
Change Dir: /home/a1ba/projects/ponycountdownplasma/build/CMakeFiles/CMakeTmp

Run Build Command:/usr/bin/gmake "cmTryCompileExec890931982/fast"
/usr/bin/gmake -f CMakeFiles/cmTryCompileExec890931982.dir/build.make CMakeFiles/cmTryCompileExec890931982.dir/build
gmake[1]: Entering directory '/home/a1ba/projects/ponycountdownplasma/build/CMakeFiles/CMakeTmp'
/usr/bin/cmake -E cmake_progress_report /home/a1ba/projects/ponycountdownplasma/build/CMakeFiles/CMakeTmp/CMakeFiles 1
Building C object CMakeFiles/cmTryCompileExec890931982.dir/CheckFunctionExists.c.o
/usr/bin/cc   -DCHECK_FUNCTION_EXISTS=XOpenDisplay   -o CMakeFiles/cmTryCompileExec890931982.dir/CheckFunctionExists.c.o   -c /usr/share/cmake/Modules/CheckFunctionExists.c
Linking C executable cmTryCompileExec890931982
/usr/bin/cmake -E cmake_link_script CMakeFiles/cmTryCompileExec890931982.dir/link.txt --verbose=1
/usr/bin/cc   -DCHECK_FUNCTION_EXISTS=XOpenDisplay    CMakeFiles/cmTryCompileExec890931982.dir/CheckFunctionExists.c.o  -o cmTryCompileExec890931982 -rdynamic -lX11 -lXext -lXft -lXau -lXdmcp -lXpm 
gmake[1]: Leaving directory '/home/a1ba/projects/ponycountdownplasma/build/CMakeFiles/CMakeTmp'


Determining if the function gethostbyname exists passed with the following output:
Change Dir: /home/a1ba/projects/ponycountdownplasma/build/CMakeFiles/CMakeTmp

Run Build Command:/usr/bin/gmake "cmTryCompileExec3572932223/fast"
/usr/bin/gmake -f CMakeFiles/cmTryCompileExec3572932223.dir/build.make CMakeFiles/cmTryCompileExec3572932223.dir/build
gmake[1]: Entering directory '/home/a1ba/projects/ponycountdownplasma/build/CMakeFiles/CMakeTmp'
/usr/bin/cmake -E cmake_progress_report /home/a1ba/projects/ponycountdownplasma/build/CMakeFiles/CMakeTmp/CMakeFiles 1
Building C object CMakeFiles/cmTryCompileExec3572932223.dir/CheckFunctionExists.c.o
/usr/bin/cc   -DCHECK_FUNCTION_EXISTS=gethostbyname   -o CMakeFiles/cmTryCompileExec3572932223.dir/CheckFunctionExists.c.o   -c /usr/share/cmake/Modules/CheckFunctionExists.c
Linking C executable cmTryCompileExec3572932223
/usr/bin/cmake -E cmake_link_script CMakeFiles/cmTryCompileExec3572932223.dir/link.txt --verbose=1
/usr/bin/cc   -DCHECK_FUNCTION_EXISTS=gethostbyname    CMakeFiles/cmTryCompileExec3572932223.dir/CheckFunctionExists.c.o  -o cmTryCompileExec3572932223 -rdynamic 
gmake[1]: Leaving directory '/home/a1ba/projects/ponycountdownplasma/build/CMakeFiles/CMakeTmp'


Determining if the function connect exists passed with the following output:
Change Dir: /home/a1ba/projects/ponycountdownplasma/build/CMakeFiles/CMakeTmp

Run Build Command:/usr/bin/gmake "cmTryCompileExec3439292474/fast"
/usr/bin/gmake -f CMakeFiles/cmTryCompileExec3439292474.dir/build.make CMakeFiles/cmTryCompileExec3439292474.dir/build
gmake[1]: Entering directory '/home/a1ba/projects/ponycountdownplasma/build/CMakeFiles/CMakeTmp'
/usr/bin/cmake -E cmake_progress_report /home/a1ba/projects/ponycountdownplasma/build/CMakeFiles/CMakeTmp/CMakeFiles 1
Building C object CMakeFiles/cmTryCompileExec3439292474.dir/CheckFunctionExists.c.o
/usr/bin/cc   -DCHECK_FUNCTION_EXISTS=connect   -o CMakeFiles/cmTryCompileExec3439292474.dir/CheckFunctionExists.c.o   -c /usr/share/cmake/Modules/CheckFunctionExists.c
Linking C executable cmTryCompileExec3439292474
/usr/bin/cmake -E cmake_link_script CMakeFiles/cmTryCompileExec3439292474.dir/link.txt --verbose=1
/usr/bin/cc   -DCHECK_FUNCTION_EXISTS=connect    CMakeFiles/cmTryCompileExec3439292474.dir/CheckFunctionExists.c.o  -o cmTryCompileExec3439292474 -rdynamic 
gmake[1]: Leaving directory '/home/a1ba/projects/ponycountdownplasma/build/CMakeFiles/CMakeTmp'


Determining if the function remove exists passed with the following output:
Change Dir: /home/a1ba/projects/ponycountdownplasma/build/CMakeFiles/CMakeTmp

Run Build Command:/usr/bin/gmake "cmTryCompileExec124881496/fast"
/usr/bin/gmake -f CMakeFiles/cmTryCompileExec124881496.dir/build.make CMakeFiles/cmTryCompileExec124881496.dir/build
gmake[1]: Entering directory '/home/a1ba/projects/ponycountdownplasma/build/CMakeFiles/CMakeTmp'
/usr/bin/cmake -E cmake_progress_report /home/a1ba/projects/ponycountdownplasma/build/CMakeFiles/CMakeTmp/CMakeFiles 1
Building C object CMakeFiles/cmTryCompileExec124881496.dir/CheckFunctionExists.c.o
/usr/bin/cc   -DCHECK_FUNCTION_EXISTS=remove   -o CMakeFiles/cmTryCompileExec124881496.dir/CheckFunctionExists.c.o   -c /usr/share/cmake/Modules/CheckFunctionExists.c
Linking C executable cmTryCompileExec124881496
/usr/bin/cmake -E cmake_link_script CMakeFiles/cmTryCompileExec124881496.dir/link.txt --verbose=1
/usr/bin/cc   -DCHECK_FUNCTION_EXISTS=remove    CMakeFiles/cmTryCompileExec124881496.dir/CheckFunctionExists.c.o  -o cmTryCompileExec124881496 -rdynamic 
gmake[1]: Leaving directory '/home/a1ba/projects/ponycountdownplasma/build/CMakeFiles/CMakeTmp'


Determining if the function shmat exists passed with the following output:
Change Dir: /home/a1ba/projects/ponycountdownplasma/build/CMakeFiles/CMakeTmp

Run Build Command:/usr/bin/gmake "cmTryCompileExec1093814817/fast"
/usr/bin/gmake -f CMakeFiles/cmTryCompileExec1093814817.dir/build.make CMakeFiles/cmTryCompileExec1093814817.dir/build
gmake[1]: Entering directory '/home/a1ba/projects/ponycountdownplasma/build/CMakeFiles/CMakeTmp'
/usr/bin/cmake -E cmake_progress_report /home/a1ba/projects/ponycountdownplasma/build/CMakeFiles/CMakeTmp/CMakeFiles 1
Building C object CMakeFiles/cmTryCompileExec1093814817.dir/CheckFunctionExists.c.o
/usr/bin/cc   -DCHECK_FUNCTION_EXISTS=shmat   -o CMakeFiles/cmTryCompileExec1093814817.dir/CheckFunctionExists.c.o   -c /usr/share/cmake/Modules/CheckFunctionExists.c
Linking C executable cmTryCompileExec1093814817
/usr/bin/cmake -E cmake_link_script CMakeFiles/cmTryCompileExec1093814817.dir/link.txt --verbose=1
/usr/bin/cc   -DCHECK_FUNCTION_EXISTS=shmat    CMakeFiles/cmTryCompileExec1093814817.dir/CheckFunctionExists.c.o  -o cmTryCompileExec1093814817 -rdynamic 
gmake[1]: Leaving directory '/home/a1ba/projects/ponycountdownplasma/build/CMakeFiles/CMakeTmp'


Determining if the function IceConnectionNumber exists in the ICE passed with the following output:
Change Dir: /home/a1ba/projects/ponycountdownplasma/build/CMakeFiles/CMakeTmp

Run Build Command:/usr/bin/gmake "cmTryCompileExec1954394550/fast"
/usr/bin/gmake -f CMakeFiles/cmTryCompileExec1954394550.dir/build.make CMakeFiles/cmTryCompileExec1954394550.dir/build
gmake[1]: Entering directory '/home/a1ba/projects/ponycountdownplasma/build/CMakeFiles/CMakeTmp'
/usr/bin/cmake -E cmake_progress_report /home/a1ba/projects/ponycountdownplasma/build/CMakeFiles/CMakeTmp/CMakeFiles 1
Building C object CMakeFiles/cmTryCompileExec1954394550.dir/CheckFunctionExists.c.o
/usr/bin/cc   -DCHECK_FUNCTION_EXISTS=IceConnectionNumber   -o CMakeFiles/cmTryCompileExec1954394550.dir/CheckFunctionExists.c.o   -c /usr/share/cmake/Modules/CheckFunctionExists.c
Linking C executable cmTryCompileExec1954394550
/usr/bin/cmake -E cmake_link_script CMakeFiles/cmTryCompileExec1954394550.dir/link.txt --verbose=1
/usr/bin/cc   -DCHECK_FUNCTION_EXISTS=IceConnectionNumber    CMakeFiles/cmTryCompileExec1954394550.dir/CheckFunctionExists.c.o  -o cmTryCompileExec1954394550 -rdynamic -lICE 
gmake[1]: Leaving directory '/home/a1ba/projects/ponycountdownplasma/build/CMakeFiles/CMakeTmp'


Determining if files pthread.h exist passed with the following output:
Change Dir: /home/a1ba/projects/ponycountdownplasma/build/CMakeFiles/CMakeTmp

Run Build Command:/usr/bin/gmake "cmTryCompileExec4216189719/fast"
/usr/bin/gmake -f CMakeFiles/cmTryCompileExec4216189719.dir/build.make CMakeFiles/cmTryCompileExec4216189719.dir/build
gmake[1]: Entering directory '/home/a1ba/projects/ponycountdownplasma/build/CMakeFiles/CMakeTmp'
/usr/bin/cmake -E cmake_progress_report /home/a1ba/projects/ponycountdownplasma/build/CMakeFiles/CMakeTmp/CMakeFiles 1
Building C object CMakeFiles/cmTryCompileExec4216189719.dir/CheckIncludeFiles.c.o
/usr/bin/cc    -o CMakeFiles/cmTryCompileExec4216189719.dir/CheckIncludeFiles.c.o   -c /home/a1ba/projects/ponycountdownplasma/build/CMakeFiles/CMakeTmp/CheckIncludeFiles.c
Linking C executable cmTryCompileExec4216189719
/usr/bin/cmake -E cmake_link_script CMakeFiles/cmTryCompileExec4216189719.dir/link.txt --verbose=1
/usr/bin/cc       CMakeFiles/cmTryCompileExec4216189719.dir/CheckIncludeFiles.c.o  -o cmTryCompileExec4216189719 -rdynamic 
gmake[1]: Leaving directory '/home/a1ba/projects/ponycountdownplasma/build/CMakeFiles/CMakeTmp'


Determining if the function pthread_create exists in the pthread passed with the following output:
Change Dir: /home/a1ba/projects/ponycountdownplasma/build/CMakeFiles/CMakeTmp

Run Build Command:/usr/bin/gmake "cmTryCompileExec1624863308/fast"
/usr/bin/gmake -f CMakeFiles/cmTryCompileExec1624863308.dir/build.make CMakeFiles/cmTryCompileExec1624863308.dir/build
gmake[1]: Entering directory '/home/a1ba/projects/ponycountdownplasma/build/CMakeFiles/CMakeTmp'
/usr/bin/cmake -E cmake_progress_report /home/a1ba/projects/ponycountdownplasma/build/CMakeFiles/CMakeTmp/CMakeFiles 1
Building C object CMakeFiles/cmTryCompileExec1624863308.dir/CheckFunctionExists.c.o
/usr/bin/cc   -DCHECK_FUNCTION_EXISTS=pthread_create   -o CMakeFiles/cmTryCompileExec1624863308.dir/CheckFunctionExists.c.o   -c /usr/share/cmake/Modules/CheckFunctionExists.c
Linking C executable cmTryCompileExec1624863308
/usr/bin/cmake -E cmake_link_script CMakeFiles/cmTryCompileExec1624863308.dir/link.txt --verbose=1
/usr/bin/cc   -DCHECK_FUNCTION_EXISTS=pthread_create    CMakeFiles/cmTryCompileExec1624863308.dir/CheckFunctionExists.c.o  -o cmTryCompileExec1624863308 -rdynamic -lpthread 
gmake[1]: Leaving directory '/home/a1ba/projects/ponycountdownplasma/build/CMakeFiles/CMakeTmp'


Determining if the _POSIX_TIMERS exist passed with the following output:
Change Dir: /home/a1ba/projects/ponycountdownplasma/build/CMakeFiles/CMakeTmp

Run Build Command:/usr/bin/gmake "cmTryCompileExec3861405535/fast"
/usr/bin/gmake -f CMakeFiles/cmTryCompileExec3861405535.dir/build.make CMakeFiles/cmTryCompileExec3861405535.dir/build
gmake[1]: Entering directory '/home/a1ba/projects/ponycountdownplasma/build/CMakeFiles/CMakeTmp'
/usr/bin/cmake -E cmake_progress_report /home/a1ba/projects/ponycountdownplasma/build/CMakeFiles/CMakeTmp/CMakeFiles 1
Building C object CMakeFiles/cmTryCompileExec3861405535.dir/CheckSymbolExists.c.o
/usr/bin/cc    -o CMakeFiles/cmTryCompileExec3861405535.dir/CheckSymbolExists.c.o   -c /home/a1ba/projects/ponycountdownplasma/build/CMakeFiles/CMakeTmp/CheckSymbolExists.c
Linking C executable cmTryCompileExec3861405535
/usr/bin/cmake -E cmake_link_script CMakeFiles/cmTryCompileExec3861405535.dir/link.txt --verbose=1
/usr/bin/cc       CMakeFiles/cmTryCompileExec3861405535.dir/CheckSymbolExists.c.o  -o cmTryCompileExec3861405535 -rdynamic -lrt 
gmake[1]: Leaving directory '/home/a1ba/projects/ponycountdownplasma/build/CMakeFiles/CMakeTmp'

File /home/a1ba/projects/ponycountdownplasma/build/CMakeFiles/CMakeTmp/CheckSymbolExists.c:
/* */
#include <unistd.h>
#include <time.h>

int main(int argc, char** argv)
{
  (void)argv;
#ifndef _POSIX_TIMERS
  return ((int*)(&_POSIX_TIMERS))[argc];
#else
  (void)argc;
  return 0;
#endif
}

Performing C++ SOURCE FILE Test HAVE_FPIE_SUPPORT succeded with the following output:
Change Dir: /home/a1ba/projects/ponycountdownplasma/build/CMakeFiles/CMakeTmp

Run Build Command:/usr/bin/gmake "cmTryCompileExec1097576258/fast"
/usr/bin/gmake -f CMakeFiles/cmTryCompileExec1097576258.dir/build.make CMakeFiles/cmTryCompileExec1097576258.dir/build
gmake[1]: Entering directory '/home/a1ba/projects/ponycountdownplasma/build/CMakeFiles/CMakeTmp'
/usr/bin/cmake -E cmake_progress_report /home/a1ba/projects/ponycountdownplasma/build/CMakeFiles/CMakeTmp/CMakeFiles 1
Building CXX object CMakeFiles/cmTryCompileExec1097576258.dir/src.cxx.o
/usr/bin/c++    -Wnon-virtual-dtor -Wno-long-long -Wundef -Wcast-align -Wchar-subscripts -Wall -W -Wpointer-arith -Wformat-security -fno-exceptions -DQT_NO_EXCEPTIONS -fno-check-new -fno-common -DHAVE_FPIE_SUPPORT   -fPIE -o CMakeFiles/cmTryCompileExec1097576258.dir/src.cxx.o -c /home/a1ba/projects/ponycountdownplasma/build/CMakeFiles/CMakeTmp/src.cxx
Linking CXX executable cmTryCompileExec1097576258
/usr/bin/cmake -E cmake_link_script CMakeFiles/cmTryCompileExec1097576258.dir/link.txt --verbose=1
/usr/bin/c++    -Wnon-virtual-dtor -Wno-long-long -Wundef -Wcast-align -Wchar-subscripts -Wall -W -Wpointer-arith -Wformat-security -fno-exceptions -DQT_NO_EXCEPTIONS -fno-check-new -fno-common -DHAVE_FPIE_SUPPORT    CMakeFiles/cmTryCompileExec1097576258.dir/src.cxx.o  -o cmTryCompileExec1097576258 -rdynamic 
gmake[1]: Leaving directory '/home/a1ba/projects/ponycountdownplasma/build/CMakeFiles/CMakeTmp'

Source file was:
int main() { return 0;}
Performing C++ SOURCE FILE Test __KDE_HAVE_W_OVERLOADED_VIRTUAL succeded with the following output:
Change Dir: /home/a1ba/projects/ponycountdownplasma/build/CMakeFiles/CMakeTmp

Run Build Command:/usr/bin/gmake "cmTryCompileExec965802790/fast"
/usr/bin/gmake -f CMakeFiles/cmTryCompileExec965802790.dir/build.make CMakeFiles/cmTryCompileExec965802790.dir/build
gmake[1]: Entering directory '/home/a1ba/projects/ponycountdownplasma/build/CMakeFiles/CMakeTmp'
/usr/bin/cmake -E cmake_progress_report /home/a1ba/projects/ponycountdownplasma/build/CMakeFiles/CMakeTmp/CMakeFiles 1
Building CXX object CMakeFiles/cmTryCompileExec965802790.dir/src.cxx.o
/usr/bin/c++    -Wnon-virtual-dtor -Wno-long-long -Wundef -Wcast-align -Wchar-subscripts -Wall -W -Wpointer-arith -Wformat-security -fno-exceptions -DQT_NO_EXCEPTIONS -fno-check-new -fno-common -D__KDE_HAVE_W_OVERLOADED_VIRTUAL   -Woverloaded-virtual -o CMakeFiles/cmTryCompileExec965802790.dir/src.cxx.o -c /home/a1ba/projects/ponycountdownplasma/build/CMakeFiles/CMakeTmp/src.cxx
Linking CXX executable cmTryCompileExec965802790
/usr/bin/cmake -E cmake_link_script CMakeFiles/cmTryCompileExec965802790.dir/link.txt --verbose=1
/usr/bin/c++    -Wnon-virtual-dtor -Wno-long-long -Wundef -Wcast-align -Wchar-subscripts -Wall -W -Wpointer-arith -Wformat-security -fno-exceptions -DQT_NO_EXCEPTIONS -fno-check-new -fno-common -D__KDE_HAVE_W_OVERLOADED_VIRTUAL    CMakeFiles/cmTryCompileExec965802790.dir/src.cxx.o  -o cmTryCompileExec965802790 -rdynamic 
gmake[1]: Leaving directory '/home/a1ba/projects/ponycountdownplasma/build/CMakeFiles/CMakeTmp'

Source file was:
int main() { return 0;}
Performing C++ SOURCE FILE Test __KDE_HAVE_GCC_VISIBILITY succeded with the following output:
Change Dir: /home/a1ba/projects/ponycountdownplasma/build/CMakeFiles/CMakeTmp

Run Build Command:/usr/bin/gmake "cmTryCompileExec713639655/fast"
/usr/bin/gmake -f CMakeFiles/cmTryCompileExec713639655.dir/build.make CMakeFiles/cmTryCompileExec713639655.dir/build
gmake[1]: Entering directory '/home/a1ba/projects/ponycountdownplasma/build/CMakeFiles/CMakeTmp'
/usr/bin/cmake -E cmake_progress_report /home/a1ba/projects/ponycountdownplasma/build/CMakeFiles/CMakeTmp/CMakeFiles 1
Building CXX object CMakeFiles/cmTryCompileExec713639655.dir/src.cxx.o
/usr/bin/c++    -Wnon-virtual-dtor -Wno-long-long -Wundef -Wcast-align -Wchar-subscripts -Wall -W -Wpointer-arith -Wformat-security -fno-exceptions -DQT_NO_EXCEPTIONS -fno-check-new -fno-common -Woverloaded-virtual -D__KDE_HAVE_GCC_VISIBILITY   -fvisibility=hidden -o CMakeFiles/cmTryCompileExec713639655.dir/src.cxx.o -c /home/a1ba/projects/ponycountdownplasma/build/CMakeFiles/CMakeTmp/src.cxx
Linking CXX executable cmTryCompileExec713639655
/usr/bin/cmake -E cmake_link_script CMakeFiles/cmTryCompileExec713639655.dir/link.txt --verbose=1
/usr/bin/c++    -Wnon-virtual-dtor -Wno-long-long -Wundef -Wcast-align -Wchar-subscripts -Wall -W -Wpointer-arith -Wformat-security -fno-exceptions -DQT_NO_EXCEPTIONS -fno-check-new -fno-common -Woverloaded-virtual -D__KDE_HAVE_GCC_VISIBILITY    CMakeFiles/cmTryCompileExec713639655.dir/src.cxx.o  -o cmTryCompileExec713639655 -rdynamic 
gmake[1]: Leaving directory '/home/a1ba/projects/ponycountdownplasma/build/CMakeFiles/CMakeTmp'

Source file was:
int main() { return 0;}
